<?xml version="1.0" encoding="UTF-8"?>
<coverage generated="1768573104145" clover="3.2.0">
  <project timestamp="1768573104145" name="All files">
    <metrics statements="21" coveredstatements="21" conditionals="1" coveredconditionals="1" methods="10" coveredmethods="10" elements="32" coveredelements="32" complexity="0" loc="21" ncloc="21" packages="5" files="7" classes="7"/>
    <package name="frontend">
      <metrics statements="2" coveredstatements="2" conditionals="0" coveredconditionals="0" methods="1" coveredmethods="1"/>
      <file name="testSetup.ts" path="/home/juuso/workspaces/tdd-ws/tdd-mooc-webapp/frontend/testSetup.ts">
        <metrics statements="2" coveredstatements="2" conditionals="0" coveredconditionals="0" methods="1" coveredmethods="1"/>
        <line num="5" count="3" type="stmt"/>
        <line num="6" count="6" type="stmt"/>
      </file>
    </package>
    <package name="frontend.src.components.AddItemForm">
      <metrics statements="9" coveredstatements="9" conditionals="0" coveredconditionals="0" methods="4" coveredmethods="4"/>
      <file name="AddItemForm.tsx" path="/home/juuso/workspaces/tdd-ws/tdd-mooc-webapp/frontend/src/components/AddItemForm/AddItemForm.tsx">
        <metrics statements="9" coveredstatements="9" conditionals="0" coveredconditionals="0" methods="4" coveredmethods="4"/>
        <line num="9" count="1" type="stmt"/>
        <line num="13" count="12" type="stmt"/>
        <line num="15" count="12" type="stmt"/>
        <line num="16" count="1" type="stmt"/>
        <line num="17" count="1" type="stmt"/>
        <line num="20" count="1" type="stmt"/>
        <line num="22" count="12" type="stmt"/>
        <line num="29" count="10" type="stmt"/>
        <line num="32" count="1" type="stmt"/>
      </file>
    </package>
    <package name="frontend.src.components.ItemList">
      <metrics statements="4" coveredstatements="4" conditionals="0" coveredconditionals="0" methods="2" coveredmethods="2"/>
      <file name="ItemList.css" path="/home/juuso/workspaces/tdd-ws/tdd-mooc-webapp/frontend/src/components/ItemList/ItemList.css">
        <metrics statements="0" coveredstatements="0" conditionals="0" coveredconditionals="0" methods="0" coveredmethods="0"/>
      </file>
      <file name="ItemList.tsx" path="/home/juuso/workspaces/tdd-ws/tdd-mooc-webapp/frontend/src/components/ItemList/ItemList.tsx">
        <metrics statements="4" coveredstatements="4" conditionals="0" coveredconditionals="0" methods="2" coveredmethods="2"/>
        <line num="9" count="1" type="stmt"/>
        <line num="10" count="1" type="stmt"/>
        <line num="11" count="2" type="stmt"/>
        <line num="17" count="1" type="stmt"/>
      </file>
    </package>
    <package name="frontend.src.components.TodoItem">
      <metrics statements="4" coveredstatements="4" conditionals="1" coveredconditionals="1" methods="2" coveredmethods="2"/>
      <file name="TodoItem.css" path="/home/juuso/workspaces/tdd-ws/tdd-mooc-webapp/frontend/src/components/TodoItem/TodoItem.css">
        <metrics statements="0" coveredstatements="0" conditionals="0" coveredconditionals="0" methods="0" coveredmethods="0"/>
      </file>
      <file name="TodoItem.tsx" path="/home/juuso/workspaces/tdd-ws/tdd-mooc-webapp/frontend/src/components/TodoItem/TodoItem.tsx">
        <metrics statements="4" coveredstatements="4" conditionals="1" coveredconditionals="1" methods="2" coveredmethods="2"/>
        <line num="10" count="2" type="cond" truecount="1" falsecount="0"/>
        <line num="11" count="7" type="stmt"/>
        <line num="12" count="7" type="stmt"/>
        <line num="17" count="2" type="stmt"/>
      </file>
    </package>
    <package name="frontend.src.components.TodoItem.Checkbox">
      <metrics statements="2" coveredstatements="2" conditionals="0" coveredconditionals="0" methods="1" coveredmethods="1"/>
      <file name="Checkbox.tsx" path="/home/juuso/workspaces/tdd-ws/tdd-mooc-webapp/frontend/src/components/TodoItem/Checkbox/Checkbox.tsx">
        <metrics statements="2" coveredstatements="2" conditionals="0" coveredconditionals="0" methods="1" coveredmethods="1"/>
        <line num="6" count="2" type="stmt"/>
        <line num="7" count="7" type="stmt"/>
      </file>
    </package>
  </project>
</coverage>
