{"/home/juuso/workspaces/tdd-ws/tdd-mooc-webapp/frontend/testSetup.ts": {"path":"/home/juuso/workspaces/tdd-ws/tdd-mooc-webapp/frontend/testSetup.ts","statementMap":{"0":{"start":{"line":5,"column":0},"end":{"line":7,"column":null}},"1":{"start":{"line":6,"column":4},"end":{"line":6,"column":null}}},"fnMap":{"0":{"name":"(anonymous_0)","decl":{"start":{"line":5,"column":10},"end":{"line":5,"column":16}},"loc":{"start":{"line":5,"column":16},"end":{"line":7,"column":1}},"line":5}},"branchMap":{},"s":{"0":3,"1":6},"f":{"0":6},"b":{},"meta":{"lastBranch":0,"lastFunction":1,"lastStatement":2,"seen":{"s:5:0:7:Infinity":0,"f:5:10:5:16":0,"s:6:4:6:Infinity":1}}}
,"/home/juuso/workspaces/tdd-ws/tdd-mooc-webapp/frontend/src/components/AddItemForm/AddItemForm.tsx": {"path":"/home/juuso/workspaces/tdd-ws/tdd-mooc-webapp/frontend/src/components/AddItemForm/AddItemForm.tsx","statementMap":{"0":{"start":{"line":9,"column":20},"end":{"line":37,"column":null}},"1":{"start":{"line":13,"column":34},"end":{"line":13,"column":null}},"2":{"start":{"line":15,"column":25},"end":{"line":21,"column":null}},"3":{"start":{"line":16,"column":8},"end":{"line":16,"column":null}},"4":{"start":{"line":17,"column":35},"end":{"line":19,"column":null}},"5":{"start":{"line":20,"column":8},"end":{"line":20,"column":null}},"6":{"start":{"line":22,"column":4},"end":{"line":35,"column":null}},"7":{"start":{"line":29,"column":41},"end":{"line":29,"column":null}},"8":{"start":{"line":32,"column":50},"end":{"line":32,"column":67}}},"fnMap":{"0":{"name":"(anonymous_0)","decl":{"start":{"line":9,"column":20},"end":{"line":9,"column":21}},"loc":{"start":{"line":12,"column":24},"end":{"line":37,"column":null}},"line":12},"1":{"name":"(anonymous_1)","decl":{"start":{"line":15,"column":25},"end":{"line":15,"column":26}},"loc":{"start":{"line":15,"column":43},"end":{"line":21,"column":null}},"line":15},"2":{"name":"(anonymous_2)","decl":{"start":{"line":29,"column":30},"end":{"line":29,"column":31}},"loc":{"start":{"line":29,"column":41},"end":{"line":29,"column":null}},"line":29},"3":{"name":"(anonymous_3)","decl":{"start":{"line":32,"column":43},"end":{"line":32,"column":44}},"loc":{"start":{"line":32,"column":50},"end":{"line":32,"column":67}},"line":32}},"branchMap":{},"s":{"0":1,"1":12,"2":12,"3":1,"4":1,"5":1,"6":12,"7":10,"8":1},"f":{"0":12,"1":1,"2":10,"3":1},"b":{},"meta":{"lastBranch":0,"lastFunction":4,"lastStatement":9,"seen":{"s:9:20:37:Infinity":0,"f:9:20:9:21":0,"s:13:34:13:Infinity":1,"s:15:25:21:Infinity":2,"f:15:25:15:26":1,"s:16:8:16:Infinity":3,"s:17:35:19:Infinity":4,"s:20:8:20:Infinity":5,"s:22:4:35:Infinity":6,"f:29:30:29:31":2,"s:29:41:29:Infinity":7,"f:32:43:32:44":3,"s:32:50:32:67":8}}}
,"/home/juuso/workspaces/tdd-ws/tdd-mooc-webapp/frontend/src/components/ItemList/ItemList.css": {"path":"/home/juuso/workspaces/tdd-ws/tdd-mooc-webapp/frontend/src/components/ItemList/ItemList.css","statementMap":{},"fnMap":{},"branchMap":{},"s":{},"f":{},"b":{},"meta":{"lastBranch":0,"lastFunction":0,"lastStatement":0,"seen":{}}}
,"/home/juuso/workspaces/tdd-ws/tdd-mooc-webapp/frontend/src/components/ItemList/ItemList.tsx": {"path":"/home/juuso/workspaces/tdd-ws/tdd-mooc-webapp/frontend/src/components/ItemList/ItemList.tsx","statementMap":{"0":{"start":{"line":9,"column":17},"end":{"line":22,"column":null}},"1":{"start":{"line":10,"column":22},"end":{"line":16,"column":null}},"2":{"start":{"line":11,"column":8},"end":{"line":14,"column":null}},"3":{"start":{"line":17,"column":4},"end":{"line":20,"column":null}}},"fnMap":{"0":{"name":"(anonymous_0)","decl":{"start":{"line":9,"column":17},"end":{"line":9,"column":18}},"loc":{"start":{"line":9,"column":50},"end":{"line":22,"column":null}},"line":9},"1":{"name":"(anonymous_1)","decl":{"start":{"line":10,"column":35},"end":{"line":10,"column":36}},"loc":{"start":{"line":10,"column":45},"end":{"line":16,"column":5}},"line":10}},"branchMap":{},"s":{"0":1,"1":1,"2":2,"3":1},"f":{"0":1,"1":2},"b":{},"meta":{"lastBranch":0,"lastFunction":2,"lastStatement":4,"seen":{"s:9:17:22:Infinity":0,"f:9:17:9:18":0,"s:10:22:16:Infinity":1,"f:10:35:10:36":1,"s:11:8:14:Infinity":2,"s:17:4:20:Infinity":3}}}
,"/home/juuso/workspaces/tdd-ws/tdd-mooc-webapp/frontend/src/components/TodoItem/TodoItem.css": {"path":"/home/juuso/workspaces/tdd-ws/tdd-mooc-webapp/frontend/src/components/TodoItem/TodoItem.css","statementMap":{},"fnMap":{},"branchMap":{},"s":{},"f":{},"b":{},"meta":{"lastBranch":0,"lastFunction":0,"lastStatement":0,"seen":{}}}
,"/home/juuso/workspaces/tdd-ws/tdd-mooc-webapp/frontend/src/components/TodoItem/TodoItem.tsx": {"path":"/home/juuso/workspaces/tdd-ws/tdd-mooc-webapp/frontend/src/components/TodoItem/TodoItem.tsx","statementMap":{"0":{"start":{"line":10,"column":17},"end":{"line":23,"column":null}},"1":{"start":{"line":11,"column":30},"end":{"line":11,"column":null}},"2":{"start":{"line":12,"column":4},"end":{"line":21,"column":null}},"3":{"start":{"line":17,"column":38},"end":{"line":17,"column":null}}},"fnMap":{"0":{"name":"(anonymous_0)","decl":{"start":{"line":10,"column":17},"end":{"line":10,"column":18}},"loc":{"start":{"line":10,"column":72},"end":{"line":23,"column":null}},"line":10},"1":{"name":"(anonymous_1)","decl":{"start":{"line":17,"column":32},"end":{"line":17,"column":38}},"loc":{"start":{"line":17,"column":38},"end":{"line":17,"column":null}},"line":17}},"branchMap":{"0":{"loc":{"start":{"line":10,"column":26},"end":{"line":10,"column":51}},"type":"default-arg","locations":[{"start":{"line":10,"column":45},"end":{"line":10,"column":51}}],"line":10}},"s":{"0":2,"1":7,"2":7,"3":2},"f":{"0":7,"1":2},"b":{"0":[7]},"meta":{"lastBranch":1,"lastFunction":2,"lastStatement":4,"seen":{"s:10:17:23:Infinity":0,"f:10:17:10:18":0,"b:10:45:10:51":0,"s:11:30:11:Infinity":1,"s:12:4:21:Infinity":2,"f:17:32:17:38":1,"s:17:38:17:Infinity":3}}}
,"/home/juuso/workspaces/tdd-ws/tdd-mooc-webapp/frontend/src/components/TodoItem/Checkbox/Checkbox.tsx": {"path":"/home/juuso/workspaces/tdd-ws/tdd-mooc-webapp/frontend/src/components/TodoItem/Checkbox/Checkbox.tsx","statementMap":{"0":{"start":{"line":6,"column":17},"end":{"line":12,"column":null}},"1":{"start":{"line":7,"column":4},"end":{"line":10,"column":null}}},"fnMap":{"0":{"name":"(anonymous_0)","decl":{"start":{"line":6,"column":17},"end":{"line":6,"column":18}},"loc":{"start":{"line":6,"column":61},"end":{"line":12,"column":null}},"line":6}},"branchMap":{},"s":{"0":2,"1":7},"f":{"0":7},"b":{},"meta":{"lastBranch":0,"lastFunction":1,"lastStatement":2,"seen":{"s:6:17:12:Infinity":0,"f:6:17:6:18":0,"s:7:4:10:Infinity":1}}}
}
